05-Feb-2022 11:05:46.958 INFO [main] org.apache.catalina.startup.VersionLoggerListener.log Server version name:   Apache Tomcat/9.0.58
05-Feb-2022 11:07:37.107 INFO [main] org.apache.catalina.startup.VersionLoggerListener.log Server built:          Jan 15 2022 14:37:38 UTC
05-Feb-2022 11:07:37.170 INFO [main] org.apache.catalina.startup.VersionLoggerListener.log Server version number: 9.0.58.0
05-Feb-2022 11:07:37.170 INFO [main] org.apache.catalina.startup.VersionLoggerListener.log OS Name:               Windows 10
05-Feb-2022 11:07:37.170 INFO [main] org.apache.catalina.startup.VersionLoggerListener.log OS Version:            10.0
05-Feb-2022 11:07:37.170 INFO [main] org.apache.catalina.startup.VersionLoggerListener.log Architecture:          amd64
05-Feb-2022 11:07:37.170 INFO [main] org.apache.catalina.startup.VersionLoggerListener.log Java Home:             C:\Program Files\Java\jdk1.8.0_301\jre
05-Feb-2022 11:07:37.170 INFO [main] org.apache.catalina.startup.VersionLoggerListener.log JVM Version:           1.8.0_301-b09
05-Feb-2022 11:07:37.170 INFO [main] org.apache.catalina.startup.VersionLoggerListener.log JVM Vendor:            Oracle Corporation
05-Feb-2022 11:07:37.170 INFO [main] org.apache.catalina.startup.VersionLoggerListener.log CATALINA_BASE:         C:\Users\user\Desktop\apache-tomcat-9.0.58
05-Feb-2022 11:07:37.170 INFO [main] org.apache.catalina.startup.VersionLoggerListener.log CATALINA_HOME:         C:\Users\user\Desktop\apache-tomcat-9.0.58
05-Feb-2022 11:07:37.170 INFO [main] org.apache.catalina.startup.VersionLoggerListener.log Command line argument: -Djava.util.logging.config.file=C:\Users\user\Desktop\apache-tomcat-9.0.58\conf\logging.properties
05-Feb-2022 11:07:37.170 INFO [main] org.apache.catalina.startup.VersionLoggerListener.log Command line argument: -Djava.util.logging.manager=org.apache.juli.ClassLoaderLogManager
05-Feb-2022 11:07:37.170 INFO [main] org.apache.catalina.startup.VersionLoggerListener.log Command line argument: -Djdk.tls.ephemeralDHKeySize=2048
05-Feb-2022 11:07:37.170 INFO [main] org.apache.catalina.startup.VersionLoggerListener.log Command line argument: -Djava.protocol.handler.pkgs=org.apache.catalina.webresources
05-Feb-2022 11:07:37.170 INFO [main] org.apache.catalina.startup.VersionLoggerListener.log Command line argument: -Dignore.endorsed.dirs=
05-Feb-2022 11:07:37.170 INFO [main] org.apache.catalina.startup.VersionLoggerListener.log Command line argument: -Dcatalina.base=C:\Users\user\Desktop\apache-tomcat-9.0.58
05-Feb-2022 11:07:37.186 INFO [main] org.apache.catalina.startup.VersionLoggerListener.log Command line argument: -Dcatalina.home=C:\Users\user\Desktop\apache-tomcat-9.0.58
05-Feb-2022 11:07:37.186 INFO [main] org.apache.catalina.startup.VersionLoggerListener.log Command line argument: -Djava.io.tmpdir=C:\Users\user\Desktop\apache-tomcat-9.0.58\temp
05-Feb-2022 11:07:37.186 INFO [main] org.apache.catalina.core.AprLifecycleListener.lifecycleEvent Loaded Apache Tomcat Native library [1.2.31] using APR version [1.7.0].
05-Feb-2022 11:07:37.186 INFO [main] org.apache.catalina.core.AprLifecycleListener.lifecycleEvent APR capabilities: IPv6 [true], sendfile [true], accept filters [false], random [true], UDS [true].
05-Feb-2022 11:07:37.186 INFO [main] org.apache.catalina.core.AprLifecycleListener.lifecycleEvent APR/OpenSSL configuration: useAprConnector [false], useOpenSSL [true]
05-Feb-2022 11:07:37.186 INFO [main] org.apache.catalina.core.AprLifecycleListener.initializeSSL OpenSSL successfully initialized [OpenSSL 1.1.1l  24 Aug 2021]
05-Feb-2022 11:07:37.701 INFO [main] org.apache.coyote.AbstractProtocol.init Initializing ProtocolHandler ["http-nio-8080"]
05-Feb-2022 11:07:37.748 INFO [main] org.apache.catalina.startup.Catalina.load Server initialization in [111002] milliseconds
05-Feb-2022 11:07:37.795 INFO [main] org.apache.catalina.core.StandardService.startInternal Starting service [Catalina]
05-Feb-2022 11:07:37.795 INFO [main] org.apache.catalina.core.StandardEngine.startInternal Starting Servlet engine: [Apache Tomcat/9.0.58]
05-Feb-2022 11:07:37.857 INFO [main] org.apache.catalina.startup.HostConfig.deployDirectory Deploying web application directory [C:\Users\user\Desktop\apache-tomcat-9.0.58\webapps\docs]
05-Feb-2022 11:07:38.464 WARNING [main] org.apache.catalina.util.SessionIdGeneratorBase.createSecureRandom Creation of SecureRandom instance for session ID generation using [SHA1PRNG] took [294] milliseconds.
05-Feb-2022 11:07:38.506 INFO [main] org.apache.catalina.startup.HostConfig.deployDirectory Deployment of web application directory [C:\Users\user\Desktop\apache-tomcat-9.0.58\webapps\docs] has finished in [648] ms
05-Feb-2022 11:07:38.507 INFO [main] org.apache.catalina.startup.HostConfig.deployDirectory Deploying web application directory [C:\Users\user\Desktop\apache-tomcat-9.0.58\webapps\examples]
05-Feb-2022 11:07:39.046 INFO [main] org.apache.catalina.startup.HostConfig.deployDirectory Deployment of web application directory [C:\Users\user\Desktop\apache-tomcat-9.0.58\webapps\examples] has finished in [540] ms
05-Feb-2022 11:07:39.046 INFO [main] org.apache.catalina.startup.HostConfig.deployDirectory Deploying web application directory [C:\Users\user\Desktop\apache-tomcat-9.0.58\webapps\helloName]
05-Feb-2022 11:07:39.165 INFO [main] org.apache.catalina.startup.HostConfig.deployDirectory Deployment of web application directory [C:\Users\user\Desktop\apache-tomcat-9.0.58\webapps\helloName] has finished in [119] ms
05-Feb-2022 11:07:39.165 INFO [main] org.apache.catalina.startup.HostConfig.deployDirectory Deploying web application directory [C:\Users\user\Desktop\apache-tomcat-9.0.58\webapps\host-manager]
05-Feb-2022 11:07:39.225 INFO [main] org.apache.catalina.startup.HostConfig.deployDirectory Deployment of web application directory [C:\Users\user\Desktop\apache-tomcat-9.0.58\webapps\host-manager] has finished in [60] ms
05-Feb-2022 11:07:39.225 INFO [main] org.apache.catalina.startup.HostConfig.deployDirectory Deploying web application directory [C:\Users\user\Desktop\apache-tomcat-9.0.58\webapps\manager]
05-Feb-2022 11:07:39.302 INFO [main] org.apache.catalina.startup.HostConfig.deployDirectory Deployment of web application directory [C:\Users\user\Desktop\apache-tomcat-9.0.58\webapps\manager] has finished in [77] ms
05-Feb-2022 11:07:39.303 INFO [main] org.apache.catalina.startup.HostConfig.deployDirectory Deploying web application directory [C:\Users\user\Desktop\apache-tomcat-9.0.58\webapps\ROOT]
05-Feb-2022 11:07:39.335 INFO [main] org.apache.catalina.startup.HostConfig.deployDirectory Deployment of web application directory [C:\Users\user\Desktop\apache-tomcat-9.0.58\webapps\ROOT] has finished in [32] ms
05-Feb-2022 11:07:39.347 INFO [main] org.apache.coyote.AbstractProtocol.start Starting ProtocolHandler ["http-nio-8080"]
05-Feb-2022 11:07:39.369 INFO [main] org.apache.catalina.startup.Catalina.start Server startup in [1617] milliseconds
05-Feb-2022 11:37:36.621 INFO [main] org.apache.catalina.startup.VersionLoggerListener.log Server version name:   Apache Tomcat/9.0.58
05-Feb-2022 11:37:36.621 INFO [main] org.apache.catalina.startup.VersionLoggerListener.log Server built:          Jan 15 2022 14:37:38 UTC
05-Feb-2022 11:37:36.621 INFO [main] org.apache.catalina.startup.VersionLoggerListener.log Server version number: 9.0.58.0
05-Feb-2022 11:37:36.621 INFO [main] org.apache.catalina.startup.VersionLoggerListener.log OS Name:               Windows 10
05-Feb-2022 11:37:36.621 INFO [main] org.apache.catalina.startup.VersionLoggerListener.log OS Version:            10.0
05-Feb-2022 11:37:36.621 INFO [main] org.apache.catalina.startup.VersionLoggerListener.log Architecture:          amd64
05-Feb-2022 11:37:36.621 INFO [main] org.apache.catalina.startup.VersionLoggerListener.log Java Home:             C:\Program Files\Java\jdk1.8.0_301\jre
05-Feb-2022 11:37:36.621 INFO [main] org.apache.catalina.startup.VersionLoggerListener.log JVM Version:           1.8.0_301-b09
05-Feb-2022 11:37:36.621 INFO [main] org.apache.catalina.startup.VersionLoggerListener.log JVM Vendor:            Oracle Corporation
05-Feb-2022 11:37:36.621 INFO [main] org.apache.catalina.startup.VersionLoggerListener.log CATALINA_BASE:         C:\Users\user\Desktop\apache-tomcat-9.0.58
05-Feb-2022 11:37:36.621 INFO [main] org.apache.catalina.startup.VersionLoggerListener.log CATALINA_HOME:         C:\Users\user\Desktop\apache-tomcat-9.0.58
05-Feb-2022 11:37:36.621 INFO [main] org.apache.catalina.startup.VersionLoggerListener.log Command line argument: -Djava.util.logging.config.file=C:\Users\user\Desktop\apache-tomcat-9.0.58\conf\logging.properties
05-Feb-2022 11:37:36.637 INFO [main] org.apache.catalina.startup.VersionLoggerListener.log Command line argument: -Djava.util.logging.manager=org.apache.juli.ClassLoaderLogManager
05-Feb-2022 11:37:36.637 INFO [main] org.apache.catalina.startup.VersionLoggerListener.log Command line argument: -Djdk.tls.ephemeralDHKeySize=2048
05-Feb-2022 11:37:36.637 INFO [main] org.apache.catalina.startup.VersionLoggerListener.log Command line argument: -Djava.protocol.handler.pkgs=org.apache.catalina.webresources
05-Feb-2022 11:37:36.637 INFO [main] org.apache.catalina.startup.VersionLoggerListener.log Command line argument: -Dignore.endorsed.dirs=
05-Feb-2022 11:37:36.637 INFO [main] org.apache.catalina.startup.VersionLoggerListener.log Command line argument: -Dcatalina.base=C:\Users\user\Desktop\apache-tomcat-9.0.58
05-Feb-2022 11:37:36.637 INFO [main] org.apache.catalina.startup.VersionLoggerListener.log Command line argument: -Dcatalina.home=C:\Users\user\Desktop\apache-tomcat-9.0.58
05-Feb-2022 11:37:36.637 INFO [main] org.apache.catalina.startup.VersionLoggerListener.log Command line argument: -Djava.io.tmpdir=C:\Users\user\Desktop\apache-tomcat-9.0.58\temp
05-Feb-2022 11:37:36.637 INFO [main] org.apache.catalina.core.AprLifecycleListener.lifecycleEvent Loaded Apache Tomcat Native library [1.2.31] using APR version [1.7.0].
05-Feb-2022 11:37:36.637 INFO [main] org.apache.catalina.core.AprLifecycleListener.lifecycleEvent APR capabilities: IPv6 [true], sendfile [true], accept filters [false], random [true], UDS [true].
05-Feb-2022 11:37:36.637 INFO [main] org.apache.catalina.core.AprLifecycleListener.lifecycleEvent APR/OpenSSL configuration: useAprConnector [false], useOpenSSL [true]
05-Feb-2022 11:37:36.653 INFO [main] org.apache.catalina.core.AprLifecycleListener.initializeSSL OpenSSL successfully initialized [OpenSSL 1.1.1l  24 Aug 2021]
05-Feb-2022 11:37:37.184 INFO [main] org.apache.coyote.AbstractProtocol.init Initializing ProtocolHandler ["http-nio-8080"]
05-Feb-2022 11:37:37.231 INFO [main] org.apache.catalina.startup.Catalina.load Server initialization in [845] milliseconds
05-Feb-2022 11:37:37.293 INFO [main] org.apache.catalina.core.StandardService.startInternal Starting service [Catalina]
05-Feb-2022 11:37:37.293 INFO [main] org.apache.catalina.core.StandardEngine.startInternal Starting Servlet engine: [Apache Tomcat/9.0.58]
05-Feb-2022 11:37:37.307 INFO [main] org.apache.catalina.startup.HostConfig.deployDirectory Deploying web application directory [C:\Users\user\Desktop\apache-tomcat-9.0.58\webapps\docs]
05-Feb-2022 11:37:37.947 WARNING [main] org.apache.catalina.util.SessionIdGeneratorBase.createSecureRandom Creation of SecureRandom instance for session ID generation using [SHA1PRNG] took [203] milliseconds.
05-Feb-2022 11:37:37.979 INFO [main] org.apache.catalina.startup.HostConfig.deployDirectory Deployment of web application directory [C:\Users\user\Desktop\apache-tomcat-9.0.58\webapps\docs] has finished in [672] ms
05-Feb-2022 11:37:37.979 INFO [main] org.apache.catalina.startup.HostConfig.deployDirectory Deploying web application directory [C:\Users\user\Desktop\apache-tomcat-9.0.58\webapps\examples]
05-Feb-2022 11:37:38.510 INFO [main] org.apache.catalina.startup.HostConfig.deployDirectory Deployment of web application directory [C:\Users\user\Desktop\apache-tomcat-9.0.58\webapps\examples] has finished in [531] ms
05-Feb-2022 11:37:38.510 INFO [main] org.apache.catalina.startup.HostConfig.deployDirectory Deploying web application directory [C:\Users\user\Desktop\apache-tomcat-9.0.58\webapps\helloName]
05-Feb-2022 11:37:38.557 INFO [main] org.apache.catalina.startup.HostConfig.deployDirectory Deployment of web application directory [C:\Users\user\Desktop\apache-tomcat-9.0.58\webapps\helloName] has finished in [47] ms
05-Feb-2022 11:37:38.557 INFO [main] org.apache.catalina.startup.HostConfig.deployDirectory Deploying web application directory [C:\Users\user\Desktop\apache-tomcat-9.0.58\webapps\host-manager]
05-Feb-2022 11:37:38.603 INFO [main] org.apache.catalina.startup.HostConfig.deployDirectory Deployment of web application directory [C:\Users\user\Desktop\apache-tomcat-9.0.58\webapps\host-manager] has finished in [46] ms
05-Feb-2022 11:37:38.603 INFO [main] org.apache.catalina.startup.HostConfig.deployDirectory Deploying web application directory [C:\Users\user\Desktop\apache-tomcat-9.0.58\webapps\manager]
05-Feb-2022 11:37:38.650 INFO [main] org.apache.catalina.startup.HostConfig.deployDirectory Deployment of web application directory [C:\Users\user\Desktop\apache-tomcat-9.0.58\webapps\manager] has finished in [47] ms
05-Feb-2022 11:37:38.650 INFO [main] org.apache.catalina.startup.HostConfig.deployDirectory Deploying web application directory [C:\Users\user\Desktop\apache-tomcat-9.0.58\webapps\ROOT]
05-Feb-2022 11:37:38.697 INFO [main] org.apache.catalina.startup.HostConfig.deployDirectory Deployment of web application directory [C:\Users\user\Desktop\apache-tomcat-9.0.58\webapps\ROOT] has finished in [47] ms
05-Feb-2022 11:37:38.697 INFO [main] org.apache.coyote.AbstractProtocol.start Starting ProtocolHandler ["http-nio-8080"]
05-Feb-2022 11:37:38.713 INFO [main] org.apache.catalina.startup.Catalina.start Server startup in [1485] milliseconds
